[debug] [2023-02-14T15:26:23.684Z] ----------------------------------------------------------------------
[debug] [2023-02-14T15:26:23.686Z] Command:       C:\Program Files\nodejs\node.exe C:\Program Files\nodejs\node_modules\firebase-tools\lib\bin\firebase.js open
[debug] [2023-02-14T15:26:23.687Z] CLI Version:   11.22.0
[debug] [2023-02-14T15:26:23.687Z] Platform:      win32
[debug] [2023-02-14T15:26:23.687Z] Node Version:  v16.13.2
[debug] [2023-02-14T15:26:23.688Z] Time:          Tue Feb 14 2023 17:26:23 GMT+0200 (Восточная Европа, стандартное время)
[debug] [2023-02-14T15:26:23.689Z] ----------------------------------------------------------------------
[debug] 
[debug] [2023-02-14T15:26:23.765Z] > command requires scopes: ["email","openid","https://www.googleapis.com/auth/cloudplatformprojects.readonly","https://www.googleapis.com/auth/firebase","https://www.googleapis.com/auth/cloud-platform"]
[debug] [2023-02-14T15:26:23.766Z] > authorizing via signed-in user (luchkoigor85@gmail.com)
[debug] [2023-02-14T15:26:23.766Z] [iam] checking project lisay-dev for permissions ["firebase.projects.get"]
[debug] [2023-02-14T15:26:23.768Z] >>> [apiv2][query] POST https://cloudresourcemanager.googleapis.com/v1/projects/lisay-dev:testIamPermissions [none]
[debug] [2023-02-14T15:26:23.769Z] >>> [apiv2][(partial)header] POST https://cloudresourcemanager.googleapis.com/v1/projects/lisay-dev:testIamPermissions x-goog-quota-user=projects/lisay-dev
[debug] [2023-02-14T15:26:23.769Z] >>> [apiv2][body] POST https://cloudresourcemanager.googleapis.com/v1/projects/lisay-dev:testIamPermissions {"permissions":["firebase.projects.get"]}
[debug] [2023-02-14T15:26:24.671Z] <<< [apiv2][status] POST https://cloudresourcemanager.googleapis.com/v1/projects/lisay-dev:testIamPermissions 200
[debug] [2023-02-14T15:26:24.671Z] <<< [apiv2][body] POST https://cloudresourcemanager.googleapis.com/v1/projects/lisay-dev:testIamPermissions {"permissions":["firebase.projects.get"]}
[debug] [2023-02-14T15:26:24.672Z] >>> [apiv2][query] GET https://firebase.googleapis.com/v1beta1/projects/lisay-dev [none]
[debug] [2023-02-14T15:26:24.988Z] <<< [apiv2][status] GET https://firebase.googleapis.com/v1beta1/projects/lisay-dev 200
[debug] [2023-02-14T15:26:24.988Z] <<< [apiv2][body] GET https://firebase.googleapis.com/v1beta1/projects/lisay-dev {"projectId":"lisay-dev","projectNumber":"273553266677","displayName":"lisay-dev","name":"projects/lisay-dev","resources":{"hostingSite":"lisay-dev","realtimeDatabaseInstance":"lisay-dev","storageBucket":"lisay-dev.appspot.com","locationId":"europe-west2"},"state":"ACTIVE","etag":"1_6e26a39c-f304-408d-a49c-a301cdee9ce1"}
[debug] [2023-02-14T15:26:24.989Z] >>> [apiv2][query] GET https://firebase.googleapis.com/v1beta1/projects/lisay-dev [none]
[debug] [2023-02-14T15:26:25.302Z] <<< [apiv2][status] GET https://firebase.googleapis.com/v1beta1/projects/lisay-dev 200
[debug] [2023-02-14T15:26:25.302Z] <<< [apiv2][body] GET https://firebase.googleapis.com/v1beta1/projects/lisay-dev {"projectId":"lisay-dev","projectNumber":"273553266677","displayName":"lisay-dev","name":"projects/lisay-dev","resources":{"hostingSite":"lisay-dev","realtimeDatabaseInstance":"lisay-dev","storageBucket":"lisay-dev.appspot.com","locationId":"europe-west2"},"state":"ACTIVE","etag":"1_6e26a39c-f304-408d-a49c-a301cdee9ce1"}
